<?xml version="1.0" encoding="UTF-8"?>
<!-- Generated by org.testng.reporters.JUnitReportReporter -->
<testsuite hostname="sujith" failures="0" tests="6" name="com.ntt.testng.AnnotationsExample" time="0.009" errors="0" timestamp="2 Nov 2021 05:14:45 GMT">
  <testcase classname="com.ntt.testng.AnnotationsExample" name="test3" time="0.000"/>
  <testcase classname="com.ntt.testng.AnnotationsExample" name="test1" time="0.001"/>
  <testcase classname="com.ntt.testng.AnnotationsExample" name="test3" time="0.007"/>
  <testcase classname="com.ntt.testng.AnnotationsExample" name="test5" time="0.001"/>
  <testcase classname="com.ntt.testng.AnnotationsExample" name="test3" time="0.000"/>
  <testcase classname="com.ntt.testng.AnnotationsExample" name="test4" time="0.000"/>
</testsuite> <!-- com.ntt.testng.AnnotationsExample -->
