<?xml version="1.0" encoding="UTF-8"?>
<!-- Generated by org.testng.reporters.JUnitReportReporter -->
<testsuite hostname="sujith" failures="0" tests="2" name="com.ntt.testng.Ann" time="0.005" errors="0" timestamp="30 Oct 2021 09:05:30 GMT">
  <testcase classname="com.ntt.testng.Ann" name="test2" time="0.000"/>
  <testcase classname="com.ntt.testng.Ann" name="test1" time="0.005"/>
</testsuite> <!-- com.ntt.testng.Ann -->
